#
# There is insufficient memory for the Java Runtime Environment to continue.
# Native memory allocation (malloc) failed to allocate 348672 bytes for Chunk::new
# Possible reasons:
#   The system is out of physical RAM or swap space
#   The process is running with CompressedOops enabled, and the Java Heap may be blocking the growth of the native heap
# Possible solutions:
#   Reduce memory load on the system
#   Increase physical memory or swap space
#   Check if swap backing store is full
#   Decrease Java heap size (-Xmx/-Xms)
#   Decrease number of Java threads
#   Decrease Java thread stack sizes (-Xss)
#   Set larger code cache with -XX:ReservedCodeCacheSize=
#   JVM is running with Unscaled Compressed Oops mode in which the Java heap is
#     placed in the first 4GB address space. The Java Heap base address is the
#     maximum limit for the native heap growth. Please use -XX:HeapBaseMinAddress
#     to set the Java Heap base and to place the Java Heap above 4GB virtual address.
# This output file may be truncated or incomplete.
#
#  Out of Memory Error (arena.cpp:184), pid=19956, tid=19172
#
# JRE version: Java(TM) SE Runtime Environment (20.0.1+9) (build 20.0.1+9-29)
# Java VM: Java HotSpot(TM) 64-Bit Server VM (20.0.1+9-29, mixed mode, sharing, tiered, compressed oops, compressed class ptrs, g1 gc, windows-amd64)
# No core dump will be written. Minidumps are not enabled by default on client versions of Windows
#

---------------  S U M M A R Y ------------

Command Line: -Dfile.encoding=UTF-8 --module-path=D:\sem_2\java\GUI\build\classes gui.GuiFrame

Host: AMD Ryzen 7 5800H with Radeon Graphics         , 16 cores, 5G,  Windows 11 , 64 bit Build 22621 (10.0.22621.1928)
Time: Sat Jul 15 11:23:23 2023 India Standard Time elapsed time: 7.382443 seconds (0d 0h 0m 7s)

---------------  T H R E A D  ---------------

Current thread (0x0000025c22760140):  JavaThread "C2 CompilerThread0" daemon [_thread_in_native, id=19172, stack(0x000000ad25900000,0x000000ad25a00000)]


Current CompileTask:
C2:   7382 1193 %     4       sun.java2d.marlin.MarlinTileGenerator::getAlphaRLE @ 1372 (1749 bytes)

Stack: [0x000000ad25900000,0x000000ad25a00000]
Native frames: (J=compiled Java code, j=interpreted, Vv=VM code, C=native code)
V  [jvm.dll+0x6bb95a]
V  [jvm.dll+0x8485fa]
V  [jvm.dll+0x84a1f5]
V  [jvm.dll+0x84a8f3]
V  [jvm.dll+0x280b0f]
V  [jvm.dll+0xc2b11]
V  [jvm.dll+0xc2e35]
V  [jvm.dll+0x3bb17c]
V  [jvm.dll+0x1e6e39]
V  [jvm.dll+0x24b3ab]
V  [jvm.dll+0x24a651]
V  [jvm.dll+0x1ce491]
V  [jvm.dll+0x259e1b]
V  [jvm.dll+0x2584f0]
V  [jvm.dll+0x3f2895]
V  [jvm.dll+0x7f4b56]
V  [jvm.dll+0x6ba5cb]
C  [ucrtbase.dll+0x29363]
C  [KERNEL32.DLL+0x126ad]
C  [ntdll.dll+0x5aa68]


---------------  P R O C E S S  ---------------

Threads class SMR info:
_java_thread_list=0x0000025c2835b540, length=19, elements={
0x0000025c22729b80, 0x0000025c2272a860, 0x0000025c227357a0, 0x0000025c2273a200,
0x0000025c2273ace0, 0x0000025c2273b8f0, 0x0000025c22760140, 0x0000025c22760c60,
0x0000025c2697f000, 0x0000025c26a7f320, 0x0000025c26c5c4e0, 0x0000025c26c5ea40,
0x0000025c26c41ae0, 0x0000025c26cf0710, 0x0000025c05e45b70, 0x0000025c283ea950,
0x0000025c2da7f490, 0x0000025c2db949a0, 0x0000025c27f0b280
}

Java Threads: ( => current thread )
  0x0000025c22729b80 JavaThread "Reference Handler" daemon [_thread_blocked, id=6716, stack(0x000000ad25300000,0x000000ad25400000)]
  0x0000025c2272a860 JavaThread "Finalizer" daemon [_thread_blocked, id=17252, stack(0x000000ad25400000,0x000000ad25500000)]
  0x0000025c227357a0 JavaThread "Signal Dispatcher" daemon [_thread_blocked, id=16576, stack(0x000000ad25500000,0x000000ad25600000)]
  0x0000025c2273a200 JavaThread "Attach Listener" daemon [_thread_blocked, id=13664, stack(0x000000ad25600000,0x000000ad25700000)]
  0x0000025c2273ace0 JavaThread "Service Thread" daemon [_thread_blocked, id=19460, stack(0x000000ad25700000,0x000000ad25800000)]
  0x0000025c2273b8f0 JavaThread "Monitor Deflation Thread" daemon [_thread_blocked, id=9464, stack(0x000000ad25800000,0x000000ad25900000)]
=>0x0000025c22760140 JavaThread "C2 CompilerThread0" daemon [_thread_in_native, id=19172, stack(0x000000ad25900000,0x000000ad25a00000)]
  0x0000025c22760c60 JavaThread "C1 CompilerThread0" daemon [_thread_blocked, id=7364, stack(0x000000ad25a00000,0x000000ad25b00000)]
  0x0000025c2697f000 JavaThread "Common-Cleaner" daemon [_thread_blocked, id=18356, stack(0x000000ad25b00000,0x000000ad25c00000)]
  0x0000025c26a7f320 JavaThread "Notification Thread" daemon [_thread_blocked, id=12856, stack(0x000000ad25d00000,0x000000ad25e00000)]
  0x0000025c26c5c4e0 JavaThread "Java2D Disposer" daemon [_thread_blocked, id=19024, stack(0x000000ad25f00000,0x000000ad26000000)]
  0x0000025c26c5ea40 JavaThread "AWT-Shutdown" [_thread_blocked, id=11644, stack(0x000000ad26000000,0x000000ad26100000)]
  0x0000025c26c41ae0 JavaThread "AWT-Windows" daemon [_thread_in_native, id=9116, stack(0x000000ad26100000,0x000000ad26200000)]
  0x0000025c26cf0710 JavaThread "AWT-EventQueue-0" [_thread_blocked, id=16240, stack(0x000000ad26200000,0x000000ad26300000)]
  0x0000025c05e45b70 JavaThread "DestroyJavaVM" [_thread_blocked, id=20232, stack(0x000000ad24c00000,0x000000ad24d00000)]
  0x0000025c283ea950 JavaThread "D3D Screen Updater" daemon [_thread_blocked, id=1088, stack(0x000000ad27000000,0x000000ad27100000)]
  0x0000025c2da7f490 JavaThread "TimerQueue" daemon [_thread_blocked, id=2340, stack(0x000000ad27100000,0x000000ad27200000)]
  0x0000025c2db949a0 JavaThread "C1 CompilerThread1" daemon [_thread_blocked, id=3428, stack(0x000000ad27300000,0x000000ad27400000)]
  0x0000025c27f0b280 JavaThread "C1 CompilerThread2" daemon [_thread_blocked, id=1904, stack(0x000000ad27400000,0x000000ad27500000)]

Other Threads:
  0x0000025c22709910 VMThread "VM Thread" [stack: 0x000000ad25200000,0x000000ad25300000] [id=2668]
  0x0000025c26a7f870 WatcherThread "VM Periodic Task Thread" [stack: 0x000000ad25e00000,0x000000ad25f00000] [id=3148]
  0x0000025c05e9a940 WorkerThread "GC Thread#0" [stack: 0x000000ad24d00000,0x000000ad24e00000] [id=17780]
  0x0000025c05ea76d0 ConcurrentGCThread "G1 Main Marker" [stack: 0x000000ad24e00000,0x000000ad24f00000] [id=8008]
  0x0000025c05ea8100 WorkerThread "G1 Conc#0" [stack: 0x000000ad24f00000,0x000000ad25000000] [id=17884]
  0x0000025c225ca0f0 ConcurrentGCThread "G1 Refine#0" [stack: 0x000000ad25000000,0x000000ad25100000] [id=8468]
  0x0000025c225cc860 ConcurrentGCThread "G1 Service" [stack: 0x000000ad25100000,0x000000ad25200000] [id=13284]

Threads with active compile tasks:
C2 CompilerThread0     7409 1193 %     4       sun.java2d.marlin.MarlinTileGenerator::getAlphaRLE @ 1372 (1749 bytes)

VM state: not at safepoint (normal execution)

VM Mutex/Monitor currently owned by a thread: None

Heap address: 0x00000000a2400000, size: 1500 MB, Compressed Oops mode: 32-bit

CDS archive(s) mapped at: [0x0000000800000000-0x0000000800c60000-0x0000000800c60000), size 12976128, SharedBaseAddress: 0x0000000800000000, ArchiveRelocationMode: 0.
Compressed class space mapped at: 0x0000000801000000-0x0000000841000000, reserved size: 1073741824
Narrow klass base: 0x0000000800000000, Narrow klass shift: 0, Narrow klass range: 0x100000000

GC Precious Log:
 CardTable entry size: 512
 Card Set container configuration: InlinePtr #cards 5 size 8 Array Of Cards #cards 12 size 40 Howl #buckets 4 coarsen threshold 1843 Howl Bitmap #cards 512 size 80 coarsen threshold 460 Card regions per heap region 1 cards per card region 2048
 CPUs: 16 total, 16 available
 Memory: 5996M
 Large Page Support: Disabled
 NUMA Support: Disabled
 Compressed Oops: Enabled (32-bit)
 Heap Region Size: 1M
 Heap Min Capacity: 8M
 Heap Initial Capacity: 94M
 Heap Max Capacity: 1500M
 Pre-touch: Disabled
 Parallel Workers: 13
 Concurrent Workers: 3
 Concurrent Refinement Workers: 13
 Periodic GC: Disabled

Heap:
 garbage-first heap   total 96256K, used 9216K [0x00000000a2400000, 0x0000000100000000)
  region size 1024K, 10 young (10240K), 0 survivors (0K)
 Metaspace       used 10178K, committed 10368K, reserved 1114112K
  class space    used 1187K, committed 1280K, reserved 1048576K

Heap Regions: E=young(eden), S=young(survivor), O=old, HS=humongous(starts), HC=humongous(continues), CS=collection set, F=free, OA=open archive, CA=closed archive, TAMS=top-at-mark-start, PB=parsable bottom
|   0|0x00000000a2400000, 0x00000000a2400000, 0x00000000a2500000|  0%| F|  |TAMS 0x00000000a2400000| PB 0x00000000a2400000| Untracked 
|   1|0x00000000a2500000, 0x00000000a2500000, 0x00000000a2600000|  0%| F|  |TAMS 0x00000000a2500000| PB 0x00000000a2500000| Untracked 
|   2|0x00000000a2600000, 0x00000000a2600000, 0x00000000a2700000|  0%| F|  |TAMS 0x00000000a2600000| PB 0x00000000a2600000| Untracked 
|   3|0x00000000a2700000, 0x00000000a2700000, 0x00000000a2800000|  0%| F|  |TAMS 0x00000000a2700000| PB 0x00000000a2700000| Untracked 
|   4|0x00000000a2800000, 0x00000000a2800000, 0x00000000a2900000|  0%| F|  |TAMS 0x00000000a2800000| PB 0x00000000a2800000| Untracked 
|   5|0x00000000a2900000, 0x00000000a2900000, 0x00000000a2a00000|  0%| F|  |TAMS 0x00000000a2900000| PB 0x00000000a2900000| Untracked 
|   6|0x00000000a2a00000, 0x00000000a2a00000, 0x00000000a2b00000|  0%| F|  |TAMS 0x00000000a2a00000| PB 0x00000000a2a00000| Untracked 
|   7|0x00000000a2b00000, 0x00000000a2b00000, 0x00000000a2c00000|  0%| F|  |TAMS 0x00000000a2b00000| PB 0x00000000a2b00000| Untracked 
|   8|0x00000000a2c00000, 0x00000000a2c00000, 0x00000000a2d00000|  0%| F|  |TAMS 0x00000000a2c00000| PB 0x00000000a2c00000| Untracked 
|   9|0x00000000a2d00000, 0x00000000a2d00000, 0x00000000a2e00000|  0%| F|  |TAMS 0x00000000a2d00000| PB 0x00000000a2d00000| Untracked 
|  10|0x00000000a2e00000, 0x00000000a2e00000, 0x00000000a2f00000|  0%| F|  |TAMS 0x00000000a2e00000| PB 0x00000000a2e00000| Untracked 
|  11|0x00000000a2f00000, 0x00000000a2f00000, 0x00000000a3000000|  0%| F|  |TAMS 0x00000000a2f00000| PB 0x00000000a2f00000| Untracked 
|  12|0x00000000a3000000, 0x00000000a3000000, 0x00000000a3100000|  0%| F|  |TAMS 0x00000000a3000000| PB 0x00000000a3000000| Untracked 
|  13|0x00000000a3100000, 0x00000000a3100000, 0x00000000a3200000|  0%| F|  |TAMS 0x00000000a3100000| PB 0x00000000a3100000| Untracked 
|  14|0x00000000a3200000, 0x00000000a3200000, 0x00000000a3300000|  0%| F|  |TAMS 0x00000000a3200000| PB 0x00000000a3200000| Untracked 
|  15|0x00000000a3300000, 0x00000000a3300000, 0x00000000a3400000|  0%| F|  |TAMS 0x00000000a3300000| PB 0x00000000a3300000| Untracked 
|  16|0x00000000a3400000, 0x00000000a3400000, 0x00000000a3500000|  0%| F|  |TAMS 0x00000000a3400000| PB 0x00000000a3400000| Untracked 
|  17|0x00000000a3500000, 0x00000000a3500000, 0x00000000a3600000|  0%| F|  |TAMS 0x00000000a3500000| PB 0x00000000a3500000| Untracked 
|  18|0x00000000a3600000, 0x00000000a3600000, 0x00000000a3700000|  0%| F|  |TAMS 0x00000000a3600000| PB 0x00000000a3600000| Untracked 
|  19|0x00000000a3700000, 0x00000000a3700000, 0x00000000a3800000|  0%| F|  |TAMS 0x00000000a3700000| PB 0x00000000a3700000| Untracked 
|  20|0x00000000a3800000, 0x00000000a3800000, 0x00000000a3900000|  0%| F|  |TAMS 0x00000000a3800000| PB 0x00000000a3800000| Untracked 
|  21|0x00000000a3900000, 0x00000000a3900000, 0x00000000a3a00000|  0%| F|  |TAMS 0x00000000a3900000| PB 0x00000000a3900000| Untracked 
|  22|0x00000000a3a00000, 0x00000000a3a00000, 0x00000000a3b00000|  0%| F|  |TAMS 0x00000000a3a00000| PB 0x00000000a3a00000| Untracked 
|  23|0x00000000a3b00000, 0x00000000a3b00000, 0x00000000a3c00000|  0%| F|  |TAMS 0x00000000a3b00000| PB 0x00000000a3b00000| Untracked 
|  24|0x00000000a3c00000, 0x00000000a3c00000, 0x00000000a3d00000|  0%| F|  |TAMS 0x00000000a3c00000| PB 0x00000000a3c00000| Untracked 
|  25|0x00000000a3d00000, 0x00000000a3d00000, 0x00000000a3e00000|  0%| F|  |TAMS 0x00000000a3d00000| PB 0x00000000a3d00000| Untracked 
|  26|0x00000000a3e00000, 0x00000000a3e00000, 0x00000000a3f00000|  0%| F|  |TAMS 0x00000000a3e00000| PB 0x00000000a3e00000| Untracked 
|  27|0x00000000a3f00000, 0x00000000a3f00000, 0x00000000a4000000|  0%| F|  |TAMS 0x00000000a3f00000| PB 0x00000000a3f00000| Untracked 
|  28|0x00000000a4000000, 0x00000000a4000000, 0x00000000a4100000|  0%| F|  |TAMS 0x00000000a4000000| PB 0x00000000a4000000| Untracked 
|  29|0x00000000a4100000, 0x00000000a4100000, 0x00000000a4200000|  0%| F|  |TAMS 0x00000000a4100000| PB 0x00000000a4100000| Untracked 
|  30|0x00000000a4200000, 0x00000000a4200000, 0x00000000a4300000|  0%| F|  |TAMS 0x00000000a4200000| PB 0x00000000a4200000| Untracked 
|  31|0x00000000a4300000, 0x00000000a4300000, 0x00000000a4400000|  0%| F|  |TAMS 0x00000000a4300000| PB 0x00000000a4300000| Untracked 
|  32|0x00000000a4400000, 0x00000000a4400000, 0x00000000a4500000|  0%| F|  |TAMS 0x00000000a4400000| PB 0x00000000a4400000| Untracked 
|  33|0x00000000a4500000, 0x00000000a4500000, 0x00000000a4600000|  0%| F|  |TAMS 0x00000000a4500000| PB 0x00000000a4500000| Untracked 
|  34|0x00000000a4600000, 0x00000000a4600000, 0x00000000a4700000|  0%| F|  |TAMS 0x00000000a4600000| PB 0x00000000a4600000| Untracked 
|  35|0x00000000a4700000, 0x00000000a4700000, 0x00000000a4800000|  0%| F|  |TAMS 0x00000000a4700000| PB 0x00000000a4700000| Untracked 
|  36|0x00000000a4800000, 0x00000000a4800000, 0x00000000a4900000|  0%| F|  |TAMS 0x00000000a4800000| PB 0x00000000a4800000| Untracked 
|  37|0x00000000a4900000, 0x00000000a4900000, 0x00000000a4a00000|  0%| F|  |TAMS 0x00000000a4900000| PB 0x00000000a4900000| Untracked 
|  38|0x00000000a4a00000, 0x00000000a4a00000, 0x00000000a4b00000|  0%| F|  |TAMS 0x00000000a4a00000| PB 0x00000000a4a00000| Untracked 
|  39|0x00000000a4b00000, 0x00000000a4b00000, 0x00000000a4c00000|  0%| F|  |TAMS 0x00000000a4b00000| PB 0x00000000a4b00000| Untracked 
|  40|0x00000000a4c00000, 0x00000000a4c00000, 0x00000000a4d00000|  0%| F|  |TAMS 0x00000000a4c00000| PB 0x00000000a4c00000| Untracked 
|  41|0x00000000a4d00000, 0x00000000a4d00000, 0x00000000a4e00000|  0%| F|  |TAMS 0x00000000a4d00000| PB 0x00000000a4d00000| Untracked 
|  42|0x00000000a4e00000, 0x00000000a4e00000, 0x00000000a4f00000|  0%| F|  |TAMS 0x00000000a4e00000| PB 0x00000000a4e00000| Untracked 
|  43|0x00000000a4f00000, 0x00000000a4f00000, 0x00000000a5000000|  0%| F|  |TAMS 0x00000000a4f00000| PB 0x00000000a4f00000| Untracked 
|  44|0x00000000a5000000, 0x00000000a5000000, 0x00000000a5100000|  0%| F|  |TAMS 0x00000000a5000000| PB 0x00000000a5000000| Untracked 
|  45|0x00000000a5100000, 0x00000000a5100000, 0x00000000a5200000|  0%| F|  |TAMS 0x00000000a5100000| PB 0x00000000a5100000| Untracked 
|  46|0x00000000a5200000, 0x00000000a5200000, 0x00000000a5300000|  0%| F|  |TAMS 0x00000000a5200000| PB 0x00000000a5200000| Untracked 
|  47|0x00000000a5300000, 0x00000000a5300000, 0x00000000a5400000|  0%| F|  |TAMS 0x00000000a5300000| PB 0x00000000a5300000| Untracked 
|  48|0x00000000a5400000, 0x00000000a5400000, 0x00000000a5500000|  0%| F|  |TAMS 0x00000000a5400000| PB 0x00000000a5400000| Untracked 
|  49|0x00000000a5500000, 0x00000000a5500000, 0x00000000a5600000|  0%| F|  |TAMS 0x00000000a5500000| PB 0x00000000a5500000| Untracked 
|  50|0x00000000a5600000, 0x00000000a5600000, 0x00000000a5700000|  0%| F|  |TAMS 0x00000000a5600000| PB 0x00000000a5600000| Untracked 
|  51|0x00000000a5700000, 0x00000000a5700000, 0x00000000a5800000|  0%| F|  |TAMS 0x00000000a5700000| PB 0x00000000a5700000| Untracked 
|  52|0x00000000a5800000, 0x00000000a5800000, 0x00000000a5900000|  0%| F|  |TAMS 0x00000000a5800000| PB 0x00000000a5800000| Untracked 
|  53|0x00000000a5900000, 0x00000000a5900000, 0x00000000a5a00000|  0%| F|  |TAMS 0x00000000a5900000| PB 0x00000000a5900000| Untracked 
|  54|0x00000000a5a00000, 0x00000000a5a00000, 0x00000000a5b00000|  0%| F|  |TAMS 0x00000000a5a00000| PB 0x00000000a5a00000| Untracked 
|  55|0x00000000a5b00000, 0x00000000a5b00000, 0x00000000a5c00000|  0%| F|  |TAMS 0x00000000a5b00000| PB 0x00000000a5b00000| Untracked 
|  56|0x00000000a5c00000, 0x00000000a5c00000, 0x00000000a5d00000|  0%| F|  |TAMS 0x00000000a5c00000| PB 0x00000000a5c00000| Untracked 
|  57|0x00000000a5d00000, 0x00000000a5d00000, 0x00000000a5e00000|  0%| F|  |TAMS 0x00000000a5d00000| PB 0x00000000a5d00000| Untracked 
|  58|0x00000000a5e00000, 0x00000000a5e00000, 0x00000000a5f00000|  0%| F|  |TAMS 0x00000000a5e00000| PB 0x00000000a5e00000| Untracked 
|  59|0x00000000a5f00000, 0x00000000a5f00000, 0x00000000a6000000|  0%| F|  |TAMS 0x00000000a5f00000| PB 0x00000000a5f00000| Untracked 
|  60|0x00000000a6000000, 0x00000000a6000000, 0x00000000a6100000|  0%| F|  |TAMS 0x00000000a6000000| PB 0x00000000a6000000| Untracked 
|  61|0x00000000a6100000, 0x00000000a6100000, 0x00000000a6200000|  0%| F|  |TAMS 0x00000000a6100000| PB 0x00000000a6100000| Untracked 
|  62|0x00000000a6200000, 0x00000000a6200000, 0x00000000a6300000|  0%| F|  |TAMS 0x00000000a6200000| PB 0x00000000a6200000| Untracked 
|  63|0x00000000a6300000, 0x00000000a6300000, 0x00000000a6400000|  0%| F|  |TAMS 0x00000000a6300000| PB 0x00000000a6300000| Untracked 
|  64|0x00000000a6400000, 0x00000000a6400000, 0x00000000a6500000|  0%| F|  |TAMS 0x00000000a6400000| PB 0x00000000a6400000| Untracked 
|  65|0x00000000a6500000, 0x00000000a6500000, 0x00000000a6600000|  0%| F|  |TAMS 0x00000000a6500000| PB 0x00000000a6500000| Untracked 
|  66|0x00000000a6600000, 0x00000000a6600000, 0x00000000a6700000|  0%| F|  |TAMS 0x00000000a6600000| PB 0x00000000a6600000| Untracked 
|  67|0x00000000a6700000, 0x00000000a6700000, 0x00000000a6800000|  0%| F|  |TAMS 0x00000000a6700000| PB 0x00000000a6700000| Untracked 
|  68|0x00000000a6800000, 0x00000000a6800000, 0x00000000a6900000|  0%| F|  |TAMS 0x00000000a6800000| PB 0x00000000a6800000| Untracked 
|  69|0x00000000a6900000, 0x00000000a6900000, 0x00000000a6a00000|  0%| F|  |TAMS 0x00000000a6900000| PB 0x00000000a6900000| Untracked 
|  70|0x00000000a6a00000, 0x00000000a6a00000, 0x00000000a6b00000|  0%| F|  |TAMS 0x00000000a6a00000| PB 0x00000000a6a00000| Untracked 
|  71|0x00000000a6b00000, 0x00000000a6b00000, 0x00000000a6c00000|  0%| F|  |TAMS 0x00000000a6b00000| PB 0x00000000a6b00000| Untracked 
|  72|0x00000000a6c00000, 0x00000000a6c00000, 0x00000000a6d00000|  0%| F|  |TAMS 0x00000000a6c00000| PB 0x00000000a6c00000| Untracked 
|  73|0x00000000a6d00000, 0x00000000a6d00000, 0x00000000a6e00000|  0%| F|  |TAMS 0x00000000a6d00000| PB 0x00000000a6d00000| Untracked 
|  74|0x00000000a6e00000, 0x00000000a6e00000, 0x00000000a6f00000|  0%| F|  |TAMS 0x00000000a6e00000| PB 0x00000000a6e00000| Untracked 
|  75|0x00000000a6f00000, 0x00000000a6f00000, 0x00000000a7000000|  0%| F|  |TAMS 0x00000000a6f00000| PB 0x00000000a6f00000| Untracked 
|  76|0x00000000a7000000, 0x00000000a7000000, 0x00000000a7100000|  0%| F|  |TAMS 0x00000000a7000000| PB 0x00000000a7000000| Untracked 
|  77|0x00000000a7100000, 0x00000000a7100000, 0x00000000a7200000|  0%| F|  |TAMS 0x00000000a7100000| PB 0x00000000a7100000| Untracked 
|  78|0x00000000a7200000, 0x00000000a7200000, 0x00000000a7300000|  0%| F|  |TAMS 0x00000000a7200000| PB 0x00000000a7200000| Untracked 
|  79|0x00000000a7300000, 0x00000000a7300000, 0x00000000a7400000|  0%| F|  |TAMS 0x00000000a7300000| PB 0x00000000a7300000| Untracked 
|  80|0x00000000a7400000, 0x00000000a7400000, 0x00000000a7500000|  0%| F|  |TAMS 0x00000000a7400000| PB 0x00000000a7400000| Untracked 
|  81|0x00000000a7500000, 0x00000000a7500000, 0x00000000a7600000|  0%| F|  |TAMS 0x00000000a7500000| PB 0x00000000a7500000| Untracked 
|  82|0x00000000a7600000, 0x00000000a7600000, 0x00000000a7700000|  0%| F|  |TAMS 0x00000000a7600000| PB 0x00000000a7600000| Untracked 
|  83|0x00000000a7700000, 0x00000000a7700000, 0x00000000a7800000|  0%| F|  |TAMS 0x00000000a7700000| PB 0x00000000a7700000| Untracked 
|  84|0x00000000a7800000, 0x00000000a7876450, 0x00000000a7900000| 46%| E|  |TAMS 0x00000000a7800000| PB 0x00000000a7800000| Complete 
|  85|0x00000000a7900000, 0x00000000a7a00000, 0x00000000a7a00000|100%| E|CS|TAMS 0x00000000a7900000| PB 0x00000000a7900000| Complete 
|  86|0x00000000a7a00000, 0x00000000a7b00000, 0x00000000a7b00000|100%| E|CS|TAMS 0x00000000a7a00000| PB 0x00000000a7a00000| Complete 
|  87|0x00000000a7b00000, 0x00000000a7c00000, 0x00000000a7c00000|100%| E|CS|TAMS 0x00000000a7b00000| PB 0x00000000a7b00000| Complete 
|  88|0x00000000a7c00000, 0x00000000a7d00000, 0x00000000a7d00000|100%| E|CS|TAMS 0x00000000a7c00000| PB 0x00000000a7c00000| Complete 
|  89|0x00000000a7d00000, 0x00000000a7e00000, 0x00000000a7e00000|100%| E|CS|TAMS 0x00000000a7d00000| PB 0x00000000a7d00000| Complete 
|  90|0x00000000a7e00000, 0x00000000a7f00000, 0x00000000a7f00000|100%| E|CS|TAMS 0x00000000a7e00000| PB 0x00000000a7e00000| Complete 
|  91|0x00000000a7f00000, 0x00000000a8000000, 0x00000000a8000000|100%| E|CS|TAMS 0x00000000a7f00000| PB 0x00000000a7f00000| Complete 
|  92|0x00000000a8000000, 0x00000000a8100000, 0x00000000a8100000|100%| E|CS|TAMS 0x00000000a8000000| PB 0x00000000a8000000| Complete 
|  93|0x00000000a8100000, 0x00000000a8200000, 0x00000000a8200000|100%| E|CS|TAMS 0x00000000a8100000| PB 0x00000000a8100000| Complete 

Card table byte_map: [0x0000025c1da80000,0x0000025c1dd70000] _byte_map_base: 0x0000025c1d56e000

Marking Bits: (CMBitMap*) 0x0000025c05e9af70
 Bits: [0x0000025c1e060000, 0x0000025c1f7d0000)

Polling page: 0x0000025c05610000

Metaspace:

Usage:
  Non-class:      8.78 MB used.
      Class:      1.16 MB used.
       Both:      9.94 MB used.

Virtual space:
  Non-class space:       64.00 MB reserved,       8.88 MB ( 14%) committed,  1 nodes.
      Class space:        1.00 GB reserved,       1.25 MB ( <1%) committed,  1 nodes.
             Both:        1.06 GB reserved,      10.12 MB ( <1%) committed. 

Chunk freelists:
   Non-Class:  3.00 MB
       Class:  2.73 MB
        Both:  5.73 MB

MaxMetaspaceSize: unlimited
CompressedClassSpaceSize: 1.00 GB
Initial GC threshold: 21.00 MB
Current GC threshold: 21.00 MB
CDS: on
MetaspaceReclaimPolicy: balanced
 - commit_granule_bytes: 65536.
 - commit_granule_words: 8192.
 - virtual_space_node_default_size: 8388608.
 - enlarge_chunks_in_place: 1.
 - new_chunks_are_fully_committed: 0.
 - uncommit_free_chunks: 1.
 - use_allocation_guard: 0.


Internal statistics:

num_allocs_failed_limit: 0.
num_arena_births: 154.
num_arena_deaths: 0.
num_vsnodes_births: 2.
num_vsnodes_deaths: 0.
num_space_committed: 162.
num_space_uncommitted: 0.
num_chunks_returned_to_freelist: 0.
num_chunks_taken_from_freelist: 199.
num_chunk_merges: 0.
num_chunk_splits: 116.
num_chunks_enlarged: 52.
num_inconsistent_stats: 0.

CodeHeap 'non-profiled nmethods': size=119168Kb used=340Kb max_used=340Kb free=118828Kb
 bounds [0x0000025c15aa0000, 0x0000025c15d10000, 0x0000025c1cf00000]
CodeHeap 'profiled nmethods': size=119104Kb used=1890Kb max_used=1890Kb free=117213Kb
 bounds [0x0000025c0df00000, 0x0000025c0e170000, 0x0000025c15350000]
CodeHeap 'non-nmethods': size=7488Kb used=2802Kb max_used=2816Kb free=4685Kb
 bounds [0x0000025c15350000, 0x0000025c15620000, 0x0000025c15aa0000]
 total_blobs=1866 nmethods=1192 adapters=583
 compilation: enabled
              stopped_count=0, restarted_count=0
 full_count=0

Compilation events (20 events):
Event: 6.829 Thread 0x0000025c27f0b280 nmethod 1182 0x0000025c0e0d1e10 code [0x0000025c0e0d20c0, 0x0000025c0e0d3060]
Event: 6.830 Thread 0x0000025c22760140 1184       4       java.lang.String::equals (56 bytes)
Event: 6.831 Thread 0x0000025c27f0b280 1185       3       jdk.internal.misc.Unsafe::checkNativeAddress (28 bytes)
Event: 6.831 Thread 0x0000025c27f0b280 nmethod 1185 0x0000025c0e0d3490 code [0x0000025c0e0d3620, 0x0000025c0e0d3740]
Event: 6.831 Thread 0x0000025c22760140 nmethod 1184 0x0000025c15af4610 code [0x0000025c15af4780, 0x0000025c15af4940]
Event: 6.935 Thread 0x0000025c22760c60 1186       1       sun.java2d.pipe.RenderBuffer::getAddress (5 bytes)
Event: 6.936 Thread 0x0000025c22760c60 nmethod 1186 0x0000025c15af4a10 code [0x0000025c15af4b80, 0x0000025c15af4c48]
Event: 7.341 Thread 0x0000025c27f0b280 1187       3       java.awt.Component::getBackground (29 bytes)
Event: 7.341 Thread 0x0000025c22760c60 1188       1       javax.swing.RepaintManager::isDoubleBufferingEnabled (5 bytes)
Event: 7.342 Thread 0x0000025c22760c60 nmethod 1188 0x0000025c15af4d10 code [0x0000025c15af4e80, 0x0000025c15af4f50]
Event: 7.342 Thread 0x0000025c27f0b280 nmethod 1187 0x0000025c0e0d3810 code [0x0000025c0e0d39c0, 0x0000025c0e0d3c78]
Event: 7.342 Thread 0x0000025c27f0b280 1189       3       sun.java2d.pipe.Region::<init> (26 bytes)
Event: 7.342 Thread 0x0000025c22760c60 1190   !   3       sun.java2d.SunGraphics2D::validateCompClip (186 bytes)
Event: 7.342 Thread 0x0000025c2db949a0 1191       3       sun.java2d.pipe.PixelToParallelogramConverter::fillRectangle (236 bytes)
Event: 7.342 Thread 0x0000025c27f0b280 nmethod 1189 0x0000025c0e0d3d90 code [0x0000025c0e0d3f20, 0x0000025c0e0d4090]
Event: 7.343 Thread 0x0000025c27f0b280 1192       3       sun.java2d.SunGraphics2D::setRenderingHint (543 bytes)
Event: 7.343 Thread 0x0000025c22760c60 nmethod 1190 0x0000025c0e0d4190 code [0x0000025c0e0d4400, 0x0000025c0e0d5078]
Event: 7.343 Thread 0x0000025c2db949a0 nmethod 1191 0x0000025c0e0d5490 code [0x0000025c0e0d56e0, 0x0000025c0e0d6530]
Event: 7.344 Thread 0x0000025c27f0b280 nmethod 1192 0x0000025c0e0d6c90 code [0x0000025c0e0d6f80, 0x0000025c0e0d86b0]
Event: 7.344 Thread 0x0000025c22760140 1193 %     4       sun.java2d.marlin.MarlinTileGenerator::getAlphaRLE @ 1372 (1749 bytes)

GC Heap History (0 events):
No events

Dll operation events (8 events):
Event: 0.021 Loaded shared library C:\Program Files\Java\jdk-20\bin\java.dll
Event: 0.063 Loaded shared library C:\Program Files\Java\jdk-20\bin\jsvml.dll
Event: 0.133 Loaded shared library C:\Program Files\Java\jdk-20\bin\net.dll
Event: 0.137 Loaded shared library C:\Program Files\Java\jdk-20\bin\nio.dll
Event: 0.195 Loaded shared library C:\Program Files\Java\jdk-20\bin\jimage.dll
Event: 0.224 Loaded shared library C:\Program Files\Java\jdk-20\bin\awt.dll
Event: 0.453 Loaded shared library C:\Program Files\Java\jdk-20\bin\freetype.dll
Event: 0.456 Loaded shared library C:\Program Files\Java\jdk-20\bin\fontmanager.dll

Deoptimization events (20 events):
Event: 4.930 Thread 0x0000025c26cf0710 Uncommon trap: trap_request=0xffffffde fr.pc=0x0000025c15ab0ca0 relative=0x00000000000001a0
Event: 4.930 Thread 0x0000025c26cf0710 Uncommon trap: reason=class_check action=maybe_recompile pc=0x0000025c15ab0ca0 method=java.lang.String.equals(Ljava/lang/Object;)Z @ 8 c2
Event: 4.930 Thread 0x0000025c26cf0710 DEOPT PACKING pc=0x0000025c15ab0ca0 sp=0x000000ad262fe320
Event: 4.930 Thread 0x0000025c26cf0710 DEOPT UNPACKING pc=0x0000025c153b9d22 sp=0x000000ad262fe2b8 mode 2
Event: 4.930 Thread 0x0000025c26cf0710 Uncommon trap: trap_request=0xffffffde fr.pc=0x0000025c15ab0ca0 relative=0x00000000000001a0
Event: 4.930 Thread 0x0000025c26cf0710 Uncommon trap: reason=class_check action=maybe_recompile pc=0x0000025c15ab0ca0 method=java.lang.String.equals(Ljava/lang/Object;)Z @ 8 c2
Event: 4.930 Thread 0x0000025c26cf0710 DEOPT PACKING pc=0x0000025c15ab0ca0 sp=0x000000ad262fe320
Event: 4.930 Thread 0x0000025c26cf0710 DEOPT UNPACKING pc=0x0000025c153b9d22 sp=0x000000ad262fe2b8 mode 2
Event: 4.944 Thread 0x0000025c26cf0710 DEOPT PACKING pc=0x0000025c0e04f0b6 sp=0x000000ad262fd5c0
Event: 4.944 Thread 0x0000025c26cf0710 DEOPT UNPACKING pc=0x0000025c153ba4c2 sp=0x000000ad262fca50 mode 0
Event: 4.972 Thread 0x0000025c26cf0710 Uncommon trap: trap_request=0xffffffde fr.pc=0x0000025c15ab0ca0 relative=0x00000000000001a0
Event: 4.972 Thread 0x0000025c26cf0710 Uncommon trap: reason=class_check action=maybe_recompile pc=0x0000025c15ab0ca0 method=java.lang.String.equals(Ljava/lang/Object;)Z @ 8 c2
Event: 4.972 Thread 0x0000025c26cf0710 DEOPT PACKING pc=0x0000025c15ab0ca0 sp=0x000000ad262fe320
Event: 4.972 Thread 0x0000025c26cf0710 DEOPT UNPACKING pc=0x0000025c153b9d22 sp=0x000000ad262fe2b8 mode 2
Event: 4.972 Thread 0x0000025c26cf0710 Uncommon trap: trap_request=0xffffffde fr.pc=0x0000025c15ab0ca0 relative=0x00000000000001a0
Event: 4.972 Thread 0x0000025c26cf0710 Uncommon trap: reason=class_check action=maybe_recompile pc=0x0000025c15ab0ca0 method=java.lang.String.equals(Ljava/lang/Object;)Z @ 8 c2
Event: 4.972 Thread 0x0000025c26cf0710 DEOPT PACKING pc=0x0000025c15ab0ca0 sp=0x000000ad262fe320
Event: 4.972 Thread 0x0000025c26cf0710 DEOPT UNPACKING pc=0x0000025c153b9d22 sp=0x000000ad262fe2b8 mode 2
Event: 5.300 Thread 0x0000025c26cf0710 DEOPT PACKING pc=0x0000025c0e040ef5 sp=0x000000ad262fd1d0
Event: 5.300 Thread 0x0000025c26cf0710 DEOPT UNPACKING pc=0x0000025c153ba4c2 sp=0x000000ad262fc620 mode 0

Classes loaded (20 events):
Event: 4.933 Loading class javax/swing/CellRendererPane
Event: 4.933 Loading class javax/swing/CellRendererPane done
Event: 4.933 Loading class javax/swing/JLayer
Event: 4.933 Loading class javax/swing/JLayer done
Event: 4.933 Loading class javax/swing/text/AbstractDocument$UndoRedoDocumentEvent
Event: 4.933 Loading class javax/swing/text/AbstractDocument$UndoRedoDocumentEvent done
Event: 4.933 Loading class javax/swing/event/CaretListener
Event: 4.933 Loading class javax/swing/event/CaretListener done
Event: 4.933 Loading class javax/swing/text/DefaultCaret$1
Event: 4.933 Loading class javax/swing/text/DefaultCaret$1 done
Event: 4.933 Loading class javax/swing/event/UndoableEditEvent
Event: 4.934 Loading class javax/swing/event/UndoableEditEvent done
Event: 4.934 Loading class javax/swing/text/AbstractDocument$DefaultDocumentEventUndoableWrapper
Event: 4.934 Loading class sun/swing/text/UndoableEditLockSupport
Event: 4.934 Loading class sun/swing/text/UndoableEditLockSupport done
Event: 4.934 Loading class javax/swing/text/AbstractDocument$DefaultDocumentEventUndoableWrapper done
Event: 4.934 Loading class javax/swing/event/UndoableEditListener
Event: 4.934 Loading class javax/swing/event/UndoableEditListener done
Event: 4.934 Loading class javax/swing/RepaintManager$3
Event: 4.934 Loading class javax/swing/RepaintManager$3 done

Classes unloaded (0 events):
No events

Classes redefined (0 events):
No events

Internal exceptions (20 events):
Event: 0.513 Thread 0x0000025c05e45b70 Exception <a 'java/lang/ClassNotFoundException'{0x00000000a7c758a0}: ToolBar> (0x00000000a7c758a0) 
thrown [s\open\src\hotspot\share\classfile\systemDictionary.cpp, line 305]
Event: 0.513 Thread 0x0000025c05e45b70 Exception <a 'java/lang/ClassNotFoundException'{0x00000000a7c75c10}: ToggleButton> (0x00000000a7c75c10) 
thrown [s\open\src\hotspot\share\classfile\systemDictionary.cpp, line 305]
Event: 0.513 Thread 0x0000025c05e45b70 Exception <a 'java/lang/ClassNotFoundException'{0x00000000a7c76050}: javax/swing/JToolBarSeparator> (0x00000000a7c76050) 
thrown [s\open\src\hotspot\share\classfile\systemDictionary.cpp, line 305]
Event: 0.513 Thread 0x0000025c05e45b70 Exception <a 'java/lang/ClassNotFoundException'{0x00000000a7c765a0}: ToolBarSeparator> (0x00000000a7c765a0) 
thrown [s\open\src\hotspot\share\classfile\systemDictionary.cpp, line 305]
Event: 0.514 Thread 0x0000025c05e45b70 Exception <a 'java/lang/ClassNotFoundException'{0x00000000a7c76aa8}: ToolTip> (0x00000000a7c76aa8) 
thrown [s\open\src\hotspot\share\classfile\systemDictionary.cpp, line 305]
Event: 0.515 Thread 0x0000025c05e45b70 Exception <a 'java/lang/ClassNotFoundException'{0x00000000a7c773e8}: Tree> (0x00000000a7c773e8) 
thrown [s\open\src\hotspot\share\classfile\systemDictionary.cpp, line 305]
Event: 0.515 Thread 0x0000025c05e45b70 Exception <a 'java/lang/ClassNotFoundException'{0x00000000a7c778e0}: Tree> (0x00000000a7c778e0) 
thrown [s\open\src\hotspot\share\classfile\systemDictionary.cpp, line 305]
Event: 0.515 Thread 0x0000025c05e45b70 Exception <a 'java/lang/ClassNotFoundException'{0x00000000a7c77c50}: javax/swing/JTreeCell> (0x00000000a7c77c50) 
thrown [s\open\src\hotspot\share\classfile\systemDictionary.cpp, line 305]
Event: 0.515 Thread 0x0000025c05e45b70 Exception <a 'java/lang/ClassNotFoundException'{0x00000000a7c77f58}: TreeCell> (0x00000000a7c77f58) 
thrown [s\open\src\hotspot\share\classfile\systemDictionary.cpp, line 305]
Event: 0.515 Thread 0x0000025c05e45b70 Exception <a 'java/lang/ClassNotFoundException'{0x00000000a7c78700}: RootPane> (0x00000000a7c78700) 
thrown [s\open\src\hotspot\share\classfile\systemDictionary.cpp, line 305]
Event: 0.519 Thread 0x0000025c05e45b70 Exception <a 'java/lang/ClassNotFoundException'{0x00000000a7c7b4a8}: com/sun/swing/internal/plaf/metal/resources/spi/metalProvider> (0x00000000a7c7b4a8) 
thrown [s\open\src\hotspot\share\classfile\systemDictionary.cpp, line 305]
Event: 0.521 Thread 0x0000025c05e45b70 Exception <a 'java/lang/ClassNotFoundException'{0x00000000a7c7f158}: com/sun/swing/internal/plaf/basic/resources/spi/basicProvider> (0x00000000a7c7f158) 
thrown [s\open\src\hotspot\share\classfile\systemDictionary.cpp, line 305]
Event: 0.638 Thread 0x0000025c26cf0710 Exception <a 'java/lang/ClassNotFoundException'{0x00000000a7b01db8}: com/sun/swing/internal/plaf/synth/resources/spi/synthProvider> (0x00000000a7b01db8) 
thrown [s\open\src\hotspot\share\classfile\systemDictionary.cpp, line 305]
Event: 0.658 Thread 0x0000025c26cf0710 Exception <a 'java/lang/NoSuchMethodError'{0x00000000a7b44db8}: 'int java.lang.invoke.Invokers$Holder.invokeExact_MT(java.lang.Object, java.lang.Object)'> (0x00000000a7b44db8) 
thrown [s\open\src\hotspot\share\interpreter\linkResolver.cpp, line 773]
Event: 0.673 Thread 0x0000025c26cf0710 Exception <a 'java/lang/NoSuchMethodError'{0x00000000a7b50fd0}: 'java.lang.Object java.lang.invoke.DirectMethodHandle$Holder.newInvokeSpecial(java.lang.Object, java.lang.Object, int)'> (0x00000000a7b50fd0) 
thrown [s\open\src\hotspot\share\interpreter\linkResolver.cpp, line 773]
Event: 0.674 Thread 0x0000025c26cf0710 Exception <a 'java/lang/NoSuchMethodError'{0x00000000a7b55e80}: 'int java.lang.invoke.DirectMethodHandle$Holder.invokeSpecial(java.lang.Object, java.lang.Object, java.lang.Object, int)'> (0x00000000a7b55e80) 
thrown [s\open\src\hotspot\share\interpreter\linkResolver.cpp, line 773]
Event: 0.675 Thread 0x0000025c26cf0710 Exception <a 'java/lang/NoSuchMethodError'{0x00000000a7b684a0}: 'java.lang.Object java.lang.invoke.DirectMethodHandle$Holder.invokeStatic(java.lang.Object, java.lang.Object, java.lang.Object, java.lang.Object, int)'> (0x00000000a7b684a0) 
thrown [s\open\src\hotspot\share\interpreter\linkResolver.cpp, line 773]
Event: 0.676 Thread 0x0000025c26cf0710 Exception <a 'java/lang/NoSuchMethodError'{0x00000000a7b70898}: 'int java.lang.invoke.DirectMethodHandle$Holder.invokeSpecial(java.lang.Object, java.lang.Object, java.lang.Object)'> (0x00000000a7b70898) 
thrown [s\open\src\hotspot\share\interpreter\linkResolver.cpp, line 773]
Event: 0.728 Thread 0x0000025c26c41ae0 Exception <a 'java/lang/NoSuchMethodError'{0x00000000a7efb5e0}: 'void java.lang.invoke.DirectMethodHandle$Holder.invokeVirtual(java.lang.Object, java.lang.Object)'> (0x00000000a7efb5e0) 
thrown [s\open\src\hotspot\share\interpreter\linkResolver.cpp, line 773]
Event: 0.750 Thread 0x0000025c26cf0710 Exception <a 'java/lang/NoSuchMethodError'{0x00000000a7bd08b0}: 'void java.lang.invoke.DirectMethodHandle$Holder.invokeStaticInit(java.lang.Object)'> (0x00000000a7bd08b0) 
thrown [s\open\src\hotspot\share\interpreter\linkResolver.cpp, line 773]

VM Operations (20 events):
Event: 0.149 Executing VM operation: HandshakeAllThreads
Event: 0.149 Executing VM operation: HandshakeAllThreads done
Event: 0.266 Executing VM operation: HandshakeAllThreads
Event: 0.266 Executing VM operation: HandshakeAllThreads done
Event: 0.699 Executing VM operation: HandshakeAllThreads
Event: 0.699 Executing VM operation: HandshakeAllThreads done
Event: 1.065 Executing VM operation: HandshakeAllThreads
Event: 1.065 Executing VM operation: HandshakeAllThreads done
Event: 1.065 Executing VM operation: Cleanup
Event: 1.066 Executing VM operation: Cleanup done
Event: 2.079 Executing VM operation: Cleanup
Event: 2.079 Executing VM operation: Cleanup done
Event: 4.097 Executing VM operation: Cleanup
Event: 4.097 Executing VM operation: Cleanup done
Event: 5.111 Executing VM operation: Cleanup
Event: 5.111 Executing VM operation: Cleanup done
Event: 6.126 Executing VM operation: Cleanup
Event: 6.126 Executing VM operation: Cleanup done
Event: 7.138 Executing VM operation: Cleanup
Event: 7.138 Executing VM operation: Cleanup done

Events (20 events):
Event: 0.086 Thread 0x0000025c227357a0 Thread added: 0x0000025c227357a0
Event: 0.086 Thread 0x0000025c2273a200 Thread added: 0x0000025c2273a200
Event: 0.086 Thread 0x0000025c2273ace0 Thread added: 0x0000025c2273ace0
Event: 0.086 Thread 0x0000025c2273b8f0 Thread added: 0x0000025c2273b8f0
Event: 0.086 Thread 0x0000025c22760140 Thread added: 0x0000025c22760140
Event: 0.087 Thread 0x0000025c22760c60 Thread added: 0x0000025c22760c60
Event: 0.117 Thread 0x0000025c2697f000 Thread added: 0x0000025c2697f000
Event: 0.128 Thread 0x0000025c269cb120 Thread added: 0x0000025c269cb120
Event: 0.160 Thread 0x0000025c26a7f320 Thread added: 0x0000025c26a7f320
Event: 0.315 Thread 0x0000025c26c5c4e0 Thread added: 0x0000025c26c5c4e0
Event: 0.317 Thread 0x0000025c26c5ea40 Thread added: 0x0000025c26c5ea40
Event: 0.318 Thread 0x0000025c26c41ae0 Thread added: 0x0000025c26c41ae0
Event: 0.537 Thread 0x0000025c26cf0710 Thread added: 0x0000025c26cf0710
Event: 0.537 Thread 0x0000025c05e45b70 Thread exited: 0x0000025c05e45b70
Event: 0.538 Thread 0x0000025c05e45b70 Thread added: 0x0000025c05e45b70
Event: 0.900 Thread 0x0000025c283ea950 Thread added: 0x0000025c283ea950
Event: 1.136 Thread 0x0000025c2da7f490 Thread added: 0x0000025c2da7f490
Event: 3.181 Thread 0x0000025c269cb120 Thread exited: 0x0000025c269cb120
Event: 5.806 Thread 0x0000025c2db949a0 Thread added: 0x0000025c2db949a0
Event: 5.806 Thread 0x0000025c27f0b280 Thread added: 0x0000025c27f0b280


Dynamic libraries:
0x00007ff67b430000 - 0x00007ff67b440000 	C:\Program Files\Java\jdk-20\bin\java.exe
0x00007ffd19150000 - 0x00007ffd19364000 	C:\WINDOWS\SYSTEM32\ntdll.dll
0x00007ffd17e90000 - 0x00007ffd17f52000 	C:\WINDOWS\System32\KERNEL32.DLL
0x00007ffd16970000 - 0x00007ffd16d13000 	C:\WINDOWS\System32\KERNELBASE.dll
0x00007ffd16e10000 - 0x00007ffd16f21000 	C:\WINDOWS\System32\ucrtbase.dll
0x00007ffd11830000 - 0x00007ffd1184b000 	C:\Program Files\Java\jdk-20\bin\VCRUNTIME140.dll
0x00007ffcecd70000 - 0x00007ffcecd89000 	C:\Program Files\Java\jdk-20\bin\jli.dll
0x00007ffd184d0000 - 0x00007ffd1857e000 	C:\WINDOWS\System32\ADVAPI32.dll
0x00007ffd174f0000 - 0x00007ffd17597000 	C:\WINDOWS\System32\msvcrt.dll
0x00007ffd18180000 - 0x00007ffd18224000 	C:\WINDOWS\System32\sechost.dll
0x00007ffd18930000 - 0x00007ffd18a47000 	C:\WINDOWS\System32\RPCRT4.dll
0x00007ffd18230000 - 0x00007ffd183da000 	C:\WINDOWS\System32\USER32.dll
0x00007ffd16940000 - 0x00007ffd16966000 	C:\WINDOWS\System32\win32u.dll
0x00007ffd01e60000 - 0x00007ffd020ee000 	C:\WINDOWS\WinSxS\amd64_microsoft.windows.common-controls_6595b64144ccf1df_6.0.22621.1635_none_270f70857386168e\COMCTL32.dll
0x00007ffd190e0000 - 0x00007ffd19109000 	C:\WINDOWS\System32\GDI32.dll
0x00007ffd16550000 - 0x00007ffd16669000 	C:\WINDOWS\System32\gdi32full.dll
0x00007ffd168a0000 - 0x00007ffd1693a000 	C:\WINDOWS\System32\msvcp_win.dll
0x00007ffd0d5c0000 - 0x00007ffd0d5ca000 	C:\WINDOWS\SYSTEM32\VERSION.dll
0x00007ffd17da0000 - 0x00007ffd17dd1000 	C:\WINDOWS\System32\IMM32.DLL
0x00007ffd11810000 - 0x00007ffd1181c000 	C:\Program Files\Java\jdk-20\bin\vcruntime140_1.dll
0x00007ffcf6530000 - 0x00007ffcf65be000 	C:\Program Files\Java\jdk-20\bin\msvcp140.dll
0x00007ffcc3130000 - 0x00007ffcc3dc7000 	C:\Program Files\Java\jdk-20\bin\server\jvm.dll
0x00007ffd11820000 - 0x00007ffd11829000 	C:\WINDOWS\SYSTEM32\WSOCK32.dll
0x00007ffd0e720000 - 0x00007ffd0e754000 	C:\WINDOWS\SYSTEM32\WINMM.dll
0x00007ffd18c10000 - 0x00007ffd18c81000 	C:\WINDOWS\System32\WS2_32.dll
0x00007ffd154c0000 - 0x00007ffd154d8000 	C:\WINDOWS\SYSTEM32\kernel.appcore.dll
0x00007ffd11790000 - 0x00007ffd1179a000 	C:\Program Files\Java\jdk-20\bin\jimage.dll
0x00007ffd13ff0000 - 0x00007ffd1421e000 	C:\WINDOWS\SYSTEM32\DBGHELP.DLL
0x00007ffd18c90000 - 0x00007ffd19019000 	C:\WINDOWS\System32\combase.dll
0x00007ffd16f90000 - 0x00007ffd17067000 	C:\WINDOWS\System32\OLEAUT32.dll
0x00007ffcfafd0000 - 0x00007ffcfb002000 	C:\WINDOWS\SYSTEM32\dbgcore.DLL
0x00007ffd16d20000 - 0x00007ffd16d9a000 	C:\WINDOWS\System32\bcryptPrimitives.dll
0x00007ffd117a0000 - 0x00007ffd117c6000 	C:\Program Files\Java\jdk-20\bin\java.dll
0x00007ffce7ad0000 - 0x00007ffce7ba7000 	C:\Program Files\Java\jdk-20\bin\jsvml.dll
0x00007ffd175a0000 - 0x00007ffd17d99000 	C:\WINDOWS\System32\SHELL32.dll
0x00007ffd144f0000 - 0x00007ffd14dbe000 	C:\WINDOWS\SYSTEM32\windows.storage.dll
0x00007ffd143b0000 - 0x00007ffd144ee000 	C:\WINDOWS\SYSTEM32\wintypes.dll
0x00007ffd185f0000 - 0x00007ffd186e1000 	C:\WINDOWS\System32\SHCORE.dll
0x00007ffd16f30000 - 0x00007ffd16f8e000 	C:\WINDOWS\System32\shlwapi.dll
0x00007ffd16480000 - 0x00007ffd164a6000 	C:\WINDOWS\SYSTEM32\profapi.dll
0x00007ffd11770000 - 0x00007ffd11783000 	C:\Program Files\Java\jdk-20\bin\net.dll
0x00007ffd0dbf0000 - 0x00007ffd0dd27000 	C:\WINDOWS\SYSTEM32\WINHTTP.dll
0x00007ffd159c0000 - 0x00007ffd15a29000 	C:\WINDOWS\system32\mswsock.dll
0x00007ffd11750000 - 0x00007ffd11766000 	C:\Program Files\Java\jdk-20\bin\nio.dll
0x00007ffcc2f90000 - 0x00007ffcc3121000 	C:\Program Files\Java\jdk-20\bin\awt.dll
0x00007ffd135a0000 - 0x00007ffd13637000 	C:\WINDOWS\SYSTEM32\apphelp.dll
0x00007ffd13730000 - 0x00007ffd137db000 	C:\WINDOWS\system32\uxtheme.dll
0x00007ffcdd210000 - 0x00007ffcdd349000 	C:\ProgramData\A-Volute\A-Volute.Nahimic\Modules\Scheduled\x64\AudioDevProps2.dll
0x00007ffd17f60000 - 0x00007ffd180fc000 	C:\WINDOWS\System32\ole32.dll
0x00007ffd187f0000 - 0x00007ffd18917000 	C:\WINDOWS\System32\MSCTF.dll
0x00007ffd139e0000 - 0x00007ffd13a0b000 	C:\WINDOWS\system32\DWMAPI.DLL
0x00007ffcf6420000 - 0x00007ffcf64a6000 	C:\Program Files\Java\jdk-20\bin\freetype.dll
0x00007ffce7a00000 - 0x00007ffce7ac6000 	C:\Program Files\Java\jdk-20\bin\fontmanager.dll
0x00007ffcdb5f0000 - 0x00007ffcdb6f0000 	C:\WINDOWS\system32\opengl32.dll
0x00007ffcdb580000 - 0x00007ffcdb5ad000 	C:\WINDOWS\SYSTEM32\GLU32.dll
0x00007ffd13870000 - 0x00007ffd138a8000 	C:\WINDOWS\SYSTEM32\dxcore.dll
0x00007ffd08f60000 - 0x00007ffd09109000 	C:\WINDOWS\system32\d3d9.dll
0x00007ffd0a7e0000 - 0x00007ffd0a99b000 	C:\WINDOWS\System32\DriverStore\FileRepository\u0383722.inf_amd64_5cbaacf42cbd3812\B383240\aticfx64.dll
0x00007ffd10050000 - 0x00007ffd10084000 	C:\WINDOWS\System32\DriverStore\FileRepository\u0383722.inf_amd64_5cbaacf42cbd3812\B383240\atiu9p64.dll
0x00007ffcc49d0000 - 0x00007ffcc5725000 	C:\WINDOWS\System32\DriverStore\FileRepository\u0383722.inf_amd64_5cbaacf42cbd3812\B383240\atiumd64.dll
0x0000000069c00000 - 0x000000006ab27000 	C:\WINDOWS\System32\DriverStore\FileRepository\u0383722.inf_amd64_5cbaacf42cbd3812\B383240\atiumd6a.dll
0x00007ffd17070000 - 0x00007ffd174e4000 	C:\WINDOWS\System32\SETUPAPI.dll
0x00007ffd16420000 - 0x00007ffd1646d000 	C:\WINDOWS\SYSTEM32\POWRPROF.dll
0x00007ffd16400000 - 0x00007ffd16413000 	C:\WINDOWS\SYSTEM32\UMPDC.dll
0x00007ffd0b120000 - 0x00007ffd0b155000 	C:\WINDOWS\SYSTEM32\amdihk64.dll
0x00007ffd0ff60000 - 0x00007ffd0ffa8000 	C:\WINDOWS\SYSTEM32\directxdatabasehelper.dll
0x00007ffd17de0000 - 0x00007ffd17e90000 	C:\WINDOWS\System32\clbcatq.dll
0x00007ffd11b10000 - 0x00007ffd11cc0000 	C:\WINDOWS\SYSTEM32\WindowsCodecs.dll
0x00007ffcec1b0000 - 0x00007ffcec20e000 	C:\WINDOWS\system32\dataexchange.dll
0x00007ffd0bff0000 - 0x00007ffd0c25e000 	C:\WINDOWS\system32\twinapi.appcore.dll
0x00007ffd04490000 - 0x00007ffd045bd000 	C:\WINDOWS\SYSTEM32\textinputframework.dll
0x00007ffd131d0000 - 0x00007ffd13303000 	C:\WINDOWS\SYSTEM32\CoreMessaging.dll
0x00007ffd0ea60000 - 0x00007ffd0edcc000 	C:\WINDOWS\SYSTEM32\CoreUIComponents.dll
0x00007ffd15c10000 - 0x00007ffd15c1c000 	C:\WINDOWS\SYSTEM32\CRYPTBASE.DLL

dbghelp: loaded successfully - version: 4.0.5 - missing functions: none
symbol engine: initialized successfully - sym options: 0x614 - pdb path: .;C:\Program Files\Java\jdk-20\bin;C:\WINDOWS\SYSTEM32;C:\WINDOWS\WinSxS\amd64_microsoft.windows.common-controls_6595b64144ccf1df_6.0.22621.1635_none_270f70857386168e;C:\Program Files\Java\jdk-20\bin\server;C:\ProgramData\A-Volute\A-Volute.Nahimic\Modules\Scheduled\x64;C:\WINDOWS\System32\DriverStore\FileRepository\u0383722.inf_amd64_5cbaacf42cbd3812\B383240

VM Arguments:
jvm_args: -Dfile.encoding=UTF-8 --module-path=D:\sem_2\java\GUI\build\classes 
java_command: gui.GuiFrame
java_class_path (initial): D:\sem_2\java\GUI\build\classes
Launcher Type: SUN_STANDARD

[Global flags]
     intx CICompilerCount                          = 12                                        {product} {ergonomic}
     uint ConcGCThreads                            = 3                                         {product} {ergonomic}
     uint G1ConcRefinementThreads                  = 13                                        {product} {ergonomic}
   size_t G1HeapRegionSize                         = 1048576                                   {product} {ergonomic}
    uintx GCDrainStackTargetSize                   = 64                                        {product} {ergonomic}
   size_t InitialHeapSize                          = 98566144                                  {product} {ergonomic}
   size_t MarkStackSize                            = 4194304                                   {product} {ergonomic}
   size_t MaxHeapSize                              = 1572864000                                {product} {ergonomic}
   size_t MaxNewSize                               = 943718400                                 {product} {ergonomic}
   size_t MinHeapDeltaBytes                        = 1048576                                   {product} {ergonomic}
   size_t MinHeapSize                              = 8388608                                   {product} {ergonomic}
    uintx NonNMethodCodeHeapSize                   = 7602480                                {pd product} {ergonomic}
    uintx NonProfiledCodeHeapSize                  = 122027880                              {pd product} {ergonomic}
    uintx ProfiledCodeHeapSize                     = 122027880                              {pd product} {ergonomic}
    uintx ReservedCodeCacheSize                    = 251658240                              {pd product} {ergonomic}
     bool SegmentedCodeCache                       = true                                      {product} {ergonomic}
   size_t SoftMaxHeapSize                          = 1572864000                             {manageable} {ergonomic}
     bool UseCompressedClassPointers               = true                           {product lp64_product} {ergonomic}
     bool UseCompressedOops                        = true                           {product lp64_product} {ergonomic}
     bool UseG1GC                                  = true                                      {product} {ergonomic}
     bool UseLargePagesIndividualAllocation        = false                                  {pd product} {ergonomic}

Logging:
Log output configuration:
 #0: stdout all=warning uptime,level,tags foldmultilines=false
 #1: stderr all=off uptime,level,tags foldmultilines=false

Environment Variables:
PATH=C:\Program Files\Common Files\Oracle\Java\javapath;C:\Program Files (x86)\Common Files\Oracle\Java\javapath;C:\Program Files\Python311\Scripts\;C:\Program Files\Python311\;C:\Windows\system32;C:\Windows;C:\Windows\System32\Wbem;C:\Windows\System32\WindowsPowerShell\v1.0\;C:\Windows\System32\OpenSSH\;C:\Program Files (x86)\NVIDIA Corporation\PhysX\Common;C:\Program Files\NVIDIA Corporation\NVIDIA NvDLISR;C:\Program Files\Microsoft VS Code\bin;C:\WINDOWS\system32;C:\WINDOWS;C:\WINDOWS\System32\Wbem;C:\WINDOWS\System32\WindowsPowerShell\v1.0\;C:\WINDOWS\System32\OpenSSH\;C:\MinGW\bin;C:\Program Files\Git\cmd;C:\Program Files\nodejs\;C:\Program Files\SDelete;C:\Program Files\Cloudflare\Cloudflare WARP\;C:\Users\nazal\AppData\Local\Programs\Python\Python310\Scripts\;C:\Users\nazal\AppData\Local\Programs\Python\Python310\;C:\Users\nazal\AppData\Local\Microsoft\WindowsApps;C:\MinGW\bin;C:\Users\nazal\AppData\Local\GitHubDesktop\bin;C:\Users\nazal\AppData\Roaming\npm
USERNAME=nazal
OS=Windows_NT
PROCESSOR_IDENTIFIER=AMD64 Family 25 Model 80 Stepping 0, AuthenticAMD
TMP=C:\Users\nazal\AppData\Local\Temp
TEMP=C:\Users\nazal\AppData\Local\Temp




---------------  S Y S T E M  ---------------

OS:
 Windows 11 , 64 bit Build 22621 (10.0.22621.1928)
OS uptime: 0 days 2:16 hours
Hyper-V role detected

CPU: total 16 (initial active 16) (16 cores per cpu, 2 threads per core) family 25 model 80 stepping 0 microcode 0x0, cx8, cmov, fxsr, ht, mmx, 3dnowpref, sse, sse2, sse3, ssse3, sse4a, sse4.1, sse4.2, popcnt, lzcnt, tsc, tscinvbit, avx, avx2, aes, erms, clmul, bmi1, bmi2, adx, sha, fma, vzeroupper, clflush, clflushopt, hv, rdtscp, rdpid, fsrm, f16c, cet_ss

Memory: 4k page, system-wide physical 5996M (405M free)
TotalPageFile size 24428M (AvailPageFile size 0M)
current process WorkingSet (physical memory assigned to process): 104M, peak: 105M
current process commit charge ("private bytes"): 256M, peak: 257M

vm_info: Java HotSpot(TM) 64-Bit Server VM (20.0.1+9-29) for windows-amd64 JRE (20.0.1+9-29), built on 2023-03-07T13:56:11Z by "mach5one" with MS VC++ 17.1 (VS2022)

END.
